[2024-04-16 18:26:02] This is codeql database create cpp-database --language=c-cpp --command=gcc book_writer.c
[2024-04-16 18:26:02] Log file was started late.
[2024-04-16 18:26:02] [PROGRESS] database create> Initializing database at /home/ego/Secu/FCSC_2024/Pwn/book_writer_easy/cpp-database.
[2024-04-16 18:26:02] Running plumbing command: codeql database init --language=c-cpp --extractor-options-verbosity=1 --qlconfig-file=/home/ego/Secu/FCSC_2024/Pwn/book_writer_easy/qlconfig.yml --source-root=/home/ego/Secu/FCSC_2024/Pwn/book_writer_easy --allow-missing-source-root=false --allow-already-existing -- /home/ego/Secu/FCSC_2024/Pwn/book_writer_easy/cpp-database
[2024-04-16 18:26:02] Calling plumbing command: codeql resolve languages --extractor-options-verbosity=1 --format=betterjson
[2024-04-16 18:26:02] [DETAILS] resolve languages> Scanning for [codeql-extractor.yml] from /opt/reverse/codeql/.codeqlmanifest.json
[2024-04-16 18:26:02] [DETAILS] resolve languages> Parsing /opt/reverse/codeql/java/codeql-extractor.yml.
[2024-04-16 18:26:02] [DETAILS] resolve languages> Parsing /opt/reverse/codeql/html/codeql-extractor.yml.
[2024-04-16 18:26:02] [DETAILS] resolve languages> Parsing /opt/reverse/codeql/cpp/codeql-extractor.yml.
[2024-04-16 18:26:02] [DETAILS] resolve languages> Parsing /opt/reverse/codeql/csv/codeql-extractor.yml.
[2024-04-16 18:26:02] [DETAILS] resolve languages> Parsing /opt/reverse/codeql/ruby/codeql-extractor.yml.
[2024-04-16 18:26:02] [DETAILS] resolve languages> Parsing /opt/reverse/codeql/csharp/codeql-extractor.yml.
[2024-04-16 18:26:02] [DETAILS] resolve languages> Parsing /opt/reverse/codeql/xml/codeql-extractor.yml.
[2024-04-16 18:26:02] [DETAILS] resolve languages> Parsing /opt/reverse/codeql/yaml/codeql-extractor.yml.
[2024-04-16 18:26:02] [DETAILS] resolve languages> Parsing /opt/reverse/codeql/swift/codeql-extractor.yml.
[2024-04-16 18:26:02] [DETAILS] resolve languages> Parsing /opt/reverse/codeql/go/codeql-extractor.yml.
[2024-04-16 18:26:02] [DETAILS] resolve languages> Parsing /opt/reverse/codeql/javascript/codeql-extractor.yml.
[2024-04-16 18:26:02] [DETAILS] resolve languages> Parsing /opt/reverse/codeql/python/codeql-extractor.yml.
[2024-04-16 18:26:02] [DETAILS] resolve languages> Parsing /opt/reverse/codeql/properties/codeql-extractor.yml.
[2024-04-16 18:26:02] Plumbing command codeql resolve languages completed:
                      {
                        "aliases" : {
                          "c" : "cpp",
                          "c++" : "cpp",
                          "c-c++" : "cpp",
                          "c-cpp" : "cpp",
                          "c#" : "csharp",
                          "java-kotlin" : "java",
                          "kotlin" : "java",
                          "javascript-typescript" : "javascript",
                          "typescript" : "javascript"
                        },
                        "extractors" : {
                          "java" : [
                            {
                              "extractor_root" : "/opt/reverse/codeql/java",
                              "extractor_options" : {
                                "exclude" : {
                                  "title" : "A glob excluding files from analysis.",
                                  "description" : "A glob indicating what files to exclude from the analysis.\n",
                                  "type" : "string"
                                },
                                "add_prefer_source" : {
                                  "title" : "Whether to always prefer source files over class files.",
                                  "description" : "A value indicating whether source files should be preferred over class files. If set to 'true', the extraction adds '-Xprefer:source' to the javac command line. If set to 'false', the extraction uses the default javac behavior ('-Xprefer:newer'). The default is 'true'.\n",
                                  "type" : "string",
                                  "pattern" : "^(false|true)$"
                                },
                                "buildless" : {
                                  "title" : "Whether to use buildless (standalone) extraction (experimental).",
                                  "description" : "A value indicating, which type of extraction the autobuilder should perform. If 'true', then the standalone extractor will be used, otherwise tracing extraction will be performed. The default is 'false'. Note that buildless extraction will generally yield less accurate analysis results, and should only be used in cases where it is not possible to build the code (for example if it uses inaccessible dependencies).\n",
                                  "type" : "string",
                                  "pattern" : "^(false|true)$"
                                }
                              }
                            }
                          ],
                          "html" : [
                            {
                              "extractor_root" : "/opt/reverse/codeql/html"
                            }
                          ],
                          "cpp" : [
                            {
                              "extractor_root" : "/opt/reverse/codeql/cpp",
                              "extractor_options" : { }
                            }
                          ],
                          "csv" : [
                            {
                              "extractor_root" : "/opt/reverse/codeql/csv"
                            }
                          ],
                          "ruby" : [
                            {
                              "extractor_root" : "/opt/reverse/codeql/ruby",
                              "extractor_options" : {
                                "trap" : {
                                  "title" : "Options pertaining to TRAP.",
                                  "description" : "Options pertaining to TRAP.",
                                  "type" : "object",
                                  "properties" : {
                                    "compression" : {
                                      "title" : "Controls compression for the TRAP files written by the extractor.",
                                      "description" : "This option is only intended for use in debugging the extractor. Accepted values are 'gzip' (the default, to write gzip-compressed TRAP) and 'none' (to write uncompressed TRAP).\n",
                                      "type" : "string",
                                      "pattern" : "^(none|gzip)$"
                                    }
                                  }
                                }
                              }
                            }
                          ],
                          "csharp" : [
                            {
                              "extractor_root" : "/opt/reverse/codeql/csharp",
                              "extractor_options" : {
                                "trap" : {
                                  "title" : "Options pertaining to TRAP.",
                                  "description" : "Options pertaining to TRAP.",
                                  "type" : "object",
                                  "properties" : {
                                    "compression" : {
                                      "title" : "Controls compression for the TRAP files written by the extractor.",
                                      "description" : "This option is only intended for use in debugging the extractor. Accepted values are 'brotli' (the default, to write brotli-compressed TRAP), 'gzip', and 'none' (to write uncompressed TRAP).\n",
                                      "type" : "string",
                                      "pattern" : "^(none|gzip|brotli)$"
                                    }
                                  }
                                },
                                "buildless" : {
                                  "title" : "DEPRECATED - Whether to use buildless (standalone) extraction.",
                                  "description" : "DEPRECATED: Use `--build-mode none` instead.\nA value indicating, which type of extraction the autobuilder should perform. If 'true', then the standalone extractor will be used, otherwise tracing extraction will be performed. The default is 'false'. Note that buildless extraction will generally yield less accurate analysis results, and should only be used in cases where it is not possible to build the code (for example if it uses inaccessible dependencies).\n",
                                  "type" : "string",
                                  "pattern" : "^(false|true)$"
                                },
                                "logging" : {
                                  "title" : "Options pertaining to logging.",
                                  "description" : "Options pertaining to logging.",
                                  "type" : "object",
                                  "properties" : {
                                    "verbosity" : {
                                      "title" : "Extractor logging verbosity level.",
                                      "description" : "Controls the level of verbosity of the extractor. The supported levels are (in order of increasing verbosity):\n  - off\n  - errors\n  - warnings\n  - info or progress\n  - debug or progress+\n  - trace or progress++\n  - progress+++\n",
                                      "type" : "string",
                                      "pattern" : "^(off|errors|warnings|(info|progress)|(debug|progress\\+)|(trace|progress\\+\\+)|progress\\+\\+\\+)$"
                                    }
                                  }
                                }
                              }
                            }
                          ],
                          "xml" : [
                            {
                              "extractor_root" : "/opt/reverse/codeql/xml"
                            }
                          ],
                          "yaml" : [
                            {
                              "extractor_root" : "/opt/reverse/codeql/yaml"
                            }
                          ],
                          "swift" : [
                            {
                              "extractor_root" : "/opt/reverse/codeql/swift"
                            }
                          ],
                          "go" : [
                            {
                              "extractor_root" : "/opt/reverse/codeql/go"
                            }
                          ],
                          "javascript" : [
                            {
                              "extractor_root" : "/opt/reverse/codeql/javascript",
                              "extractor_options" : {
                                "skip_types" : {
                                  "title" : "Skip type extraction for TypeScript",
                                  "description" : "Whether to skip the extraction of types in a TypeScript application",
                                  "type" : "string",
                                  "pattern" : "^(false|true)$"
                                }
                              }
                            }
                          ],
                          "python" : [
                            {
                              "extractor_root" : "/opt/reverse/codeql/python",
                              "extractor_options" : {
                                "logging" : {
                                  "title" : "Options pertaining to logging.",
                                  "description" : "Options pertaining to logging.",
                                  "type" : "object",
                                  "properties" : {
                                    "verbosity" : {
                                      "title" : "Python extractor logging verbosity level.",
                                      "description" : "Controls the level of verbosity of the CodeQL Python extractor.\nThe supported levels are (in order of increasing verbosity):\n\n  - off\n  - errors\n  - warnings\n  - info or progress\n  - debug or progress+\n  - trace or progress++\n  - progress+++\n",
                                      "type" : "string",
                                      "pattern" : "^(off|errors|warnings|(info|progress)|(debug|progress\\+)|(trace|progress\\+\\+)|progress\\+\\+\\+)$"
                                    }
                                  }
                                },
                                "python_executable_name" : {
                                  "title" : "Controls the name of the Python executable used by the Python extractor.",
                                  "description" : "The Python extractor uses platform-dependent heuristics to determine the name of the Python executable to use. Specifying a value for this option overrides the name of the Python executable used by the extractor. Accepted values are py, python and python3. Use this setting with caution, the Python extractor requires Python 3 to run.\n",
                                  "type" : "string",
                                  "pattern" : "^(py|python|python3)$"
                                }
                              }
                            }
                          ],
                          "properties" : [
                            {
                              "extractor_root" : "/opt/reverse/codeql/properties"
                            }
                          ]
                        }
                      }
[2024-04-16 18:26:03] [PROGRESS] database init> Calculating baseline information in /home/ego/Secu/FCSC_2024/Pwn/book_writer_easy
[2024-04-16 18:26:03] [SPAMMY] database init> Ignoring the following directories when processing baseline information: .git, .hg, .svn.
[2024-04-16 18:26:03] [DETAILS] database init> Running command in /home/ego/Secu/FCSC_2024/Pwn/book_writer_easy: /opt/reverse/codeql/tools/linux64/scc --by-file --exclude-dir .git,.hg,.svn --format json --no-large --no-min .
[2024-04-16 18:26:03] [SPAMMY] database init> Found 1 baseline files for cpp.
[2024-04-16 18:26:03] [SPAMMY] database init> Found 1 baseline files for python.
[2024-04-16 18:26:03] [PROGRESS] database init> Calculated baseline information for languages: cpp, python (40ms).
[2024-04-16 18:26:03] [PROGRESS] database init> Resolving extractor cpp.
[2024-04-16 18:26:03] [DETAILS] database init> Found candidate extractor root for cpp: /opt/reverse/codeql/cpp.
[2024-04-16 18:26:03] [PROGRESS] database init> Successfully loaded extractor C/C++ (cpp) from /opt/reverse/codeql/cpp.
[2024-04-16 18:26:03] [PROGRESS] database init> Created skeleton CodeQL database at /home/ego/Secu/FCSC_2024/Pwn/book_writer_easy/cpp-database. This in-progress database is ready to be populated by an extractor.
[2024-04-16 18:26:03] Plumbing command codeql database init completed.
[2024-04-16 18:26:03] [PROGRESS] database create> Running build command: [gcc, book_writer.c]
[2024-04-16 18:26:03] Running plumbing command: codeql database trace-command --working-dir=/home/ego/Secu/FCSC_2024/Pwn/book_writer_easy --index-traceless-dbs --no-db-cluster -- /home/ego/Secu/FCSC_2024/Pwn/book_writer_easy/cpp-database gcc book_writer.c
[2024-04-16 18:26:03] [PROGRESS] database trace-command> Running command in /home/ego/Secu/FCSC_2024/Pwn/book_writer_easy: [gcc, book_writer.c]
[2024-04-16 18:26:03] [build-stderr] cc1: fatal error: book_writer.c: No such file or directory
[2024-04-16 18:26:03] [build-stderr] compilation terminated.
[2024-04-16 18:26:03] [ERROR] Spawned process exited abnormally (code 1; tried to run: [/opt/reverse/codeql/tools/linux64/preload_tracer, gcc, book_writer.c])
[2024-04-16 18:26:03] Exception caught at top level: Exit status 1 from command: [gcc, book_writer.c]
                      com.semmle.cli2.Commandline.executeAndCheckResult(Commandline.java:170)
                      com.semmle.cli2.Commandline.runWithoutReturn(Commandline.java:123)
                      com.semmle.cli2.database.DatabaseProcessCommandCommon.executeSubcommand(DatabaseProcessCommandCommon.java:228)
                      com.semmle.cli2.database.TraceCommandCommand.executeSubcommand(TraceCommandCommand.java:126)
                      com.semmle.cli2.picocli.SubcommandCommon.lambda$executeSubcommandWithMessages$5(SubcommandCommon.java:862)
                      com.semmle.cli2.picocli.SubcommandCommon.withCompilationMessages(SubcommandCommon.java:442)
                      com.semmle.cli2.picocli.SubcommandCommon.executeSubcommandWithMessages(SubcommandCommon.java:860)
                      com.semmle.cli2.picocli.PlumbingRunner.run(PlumbingRunner.java:119)
                      com.semmle.cli2.picocli.SubcommandCommon.runPlumbingInProcess(SubcommandCommon.java:199)
                      com.semmle.cli2.database.CreateCommand.executeSubcommand(CreateCommand.java:181)
                      com.semmle.cli2.picocli.SubcommandCommon.lambda$executeSubcommandWithMessages$5(SubcommandCommon.java:862)
                      com.semmle.cli2.picocli.SubcommandCommon.withCompilationMessages(SubcommandCommon.java:442)
                      com.semmle.cli2.picocli.SubcommandCommon.executeSubcommandWithMessages(SubcommandCommon.java:860)
                      com.semmle.cli2.picocli.SubcommandCommon.toplevelMain(SubcommandCommon.java:744)
                      com.semmle.cli2.picocli.SubcommandCommon.call(SubcommandCommon.java:725)
                      com.semmle.cli2.picocli.SubcommandMaker.runMain(SubcommandMaker.java:237)
                      com.semmle.cli2.picocli.SubcommandMaker.runMain(SubcommandMaker.java:257)
                      com.semmle.cli2.CodeQL.main(CodeQL.java:115)
